0 info it worked if it ends with ok
1 verbose cli [ 'C:\\Program Files\\nodejs\\node.exe',
1 verbose cli   'C:\\Users\\asheehan\\AppData\\Roaming\\npm\\node_modules\\npm\\bin\\npm-cli.js',
1 verbose cli   'install',
1 verbose cli   'webgl-2d',
1 verbose cli   '--save' ]
2 info using npm@3.5.3
3 info using node@v4.1.2
4 silly loadCurrentTree Starting
5 silly install loadCurrentTree
6 silly install readLocalPackageData
7 silly fetchPackageMetaData webgl-2d
8 silly fetchNamedPackageData webgl-2d
9 silly mapToRegistry name webgl-2d
10 silly mapToRegistry using default registry
11 silly mapToRegistry registry https://registry.npmjs.org/
12 silly mapToRegistry uri https://registry.npmjs.org/webgl-2d
13 verbose request uri https://registry.npmjs.org/webgl-2d
14 verbose request no auth needed
15 info attempt registry request try #1 at 3:53:36 PM
16 verbose request using bearer token for auth
17 verbose request id 17c33ef6fdc75eae
18 http request GET https://registry.npmjs.org/webgl-2d
19 http 404 https://registry.npmjs.org/webgl-2d
20 verbose headers { 'content-type': 'application/json',
20 verbose headers   'cache-control': 'max-age=0',
20 verbose headers   'content-length': '2',
20 verbose headers   'accept-ranges': 'bytes',
20 verbose headers   date: 'Mon, 14 Mar 2016 15:53:36 GMT',
20 verbose headers   via: '1.1 varnish',
20 verbose headers   connection: 'keep-alive',
20 verbose headers   'x-served-by': 'cache-fra1229-FRA',
20 verbose headers   'x-cache': 'MISS',
20 verbose headers   'x-cache-hits': '0',
20 verbose headers   'x-timer': 'S1457970816.770311,VS0,VE111' }
21 silly get cb [ 404,
21 silly get   { 'content-type': 'application/json',
21 silly get     'cache-control': 'max-age=0',
21 silly get     'content-length': '2',
21 silly get     'accept-ranges': 'bytes',
21 silly get     date: 'Mon, 14 Mar 2016 15:53:36 GMT',
21 silly get     via: '1.1 varnish',
21 silly get     connection: 'keep-alive',
21 silly get     'x-served-by': 'cache-fra1229-FRA',
21 silly get     'x-cache': 'MISS',
21 silly get     'x-cache-hits': '0',
21 silly get     'x-timer': 'S1457970816.770311,VS0,VE111' } ]
22 silly fetchPackageMetaData Error: Registry returned 404 for GET on https://registry.npmjs.org/webgl-2d
22 silly fetchPackageMetaData     at makeError (C:\Users\asheehan\AppData\Roaming\npm\node_modules\npm\node_modules\npm-registry-client\lib\request.js:264:12)
22 silly fetchPackageMetaData     at CachingRegistryClient.<anonymous> (C:\Users\asheehan\AppData\Roaming\npm\node_modules\npm\node_modules\npm-registry-client\lib\request.js:242:14)
22 silly fetchPackageMetaData     at Request._callback (C:\Users\asheehan\AppData\Roaming\npm\node_modules\npm\node_modules\npm-registry-client\lib\request.js:172:14)
22 silly fetchPackageMetaData     at Request.self.callback (C:\Users\asheehan\AppData\Roaming\npm\node_modules\npm\node_modules\request\request.js:198:22)
22 silly fetchPackageMetaData     at emitTwo (events.js:87:13)
22 silly fetchPackageMetaData     at Request.emit (events.js:172:7)
22 silly fetchPackageMetaData     at Request.<anonymous> (C:\Users\asheehan\AppData\Roaming\npm\node_modules\npm\node_modules\request\request.js:1035:10)
22 silly fetchPackageMetaData     at emitOne (events.js:82:20)
22 silly fetchPackageMetaData     at Request.emit (events.js:169:7)
22 silly fetchPackageMetaData     at IncomingMessage.<anonymous> (C:\Users\asheehan\AppData\Roaming\npm\node_modules\npm\node_modules\request\request.js:962:12)
22 silly fetchPackageMetaData  error for webgl-2d { [Error: Registry returned 404 for GET on https://registry.npmjs.org/webgl-2d] pkgid: 'webgl-2d', statusCode: 404, code: 'E404' }
23 silly rollbackFailedOptional Starting
24 silly rollbackFailedOptional Finishing
25 silly runTopLevelLifecycles Starting
26 silly runTopLevelLifecycles Finishing
27 silly install printInstalled
28 verbose stack Error: Registry returned 404 for GET on https://registry.npmjs.org/webgl-2d
28 verbose stack     at makeError (C:\Users\asheehan\AppData\Roaming\npm\node_modules\npm\node_modules\npm-registry-client\lib\request.js:264:12)
28 verbose stack     at CachingRegistryClient.<anonymous> (C:\Users\asheehan\AppData\Roaming\npm\node_modules\npm\node_modules\npm-registry-client\lib\request.js:242:14)
28 verbose stack     at Request._callback (C:\Users\asheehan\AppData\Roaming\npm\node_modules\npm\node_modules\npm-registry-client\lib\request.js:172:14)
28 verbose stack     at Request.self.callback (C:\Users\asheehan\AppData\Roaming\npm\node_modules\npm\node_modules\request\request.js:198:22)
28 verbose stack     at emitTwo (events.js:87:13)
28 verbose stack     at Request.emit (events.js:172:7)
28 verbose stack     at Request.<anonymous> (C:\Users\asheehan\AppData\Roaming\npm\node_modules\npm\node_modules\request\request.js:1035:10)
28 verbose stack     at emitOne (events.js:82:20)
28 verbose stack     at Request.emit (events.js:169:7)
28 verbose stack     at IncomingMessage.<anonymous> (C:\Users\asheehan\AppData\Roaming\npm\node_modules\npm\node_modules\request\request.js:962:12)
29 verbose statusCode 404
30 verbose pkgid webgl-2d
31 verbose cwd C:\Dev\d3fc-canvas-example
32 error Windows_NT 6.1.7601
33 error argv "C:\\Program Files\\nodejs\\node.exe" "C:\\Users\\asheehan\\AppData\\Roaming\\npm\\node_modules\\npm\\bin\\npm-cli.js" "install" "webgl-2d" "--save"
34 error node v4.1.2
35 error npm  v3.5.3
36 error code E404
37 error 404 Registry returned 404 for GET on https://registry.npmjs.org/webgl-2d
38 error 404
39 error 404 'webgl-2d' is not in the npm registry.
40 error 404 You should bug the author to publish it (or use the name yourself!)
41 error 404 Note that you can also install from a
42 error 404 tarball, folder, http url, or git url.
43 verbose exit [ 1, true ]
